[debug] [2025-03-27T06:46:17.307Z] ----------------------------------------------------------------------
[debug] [2025-03-27T06:46:17.312Z] Command:       C:\Program Files\nodejs\node.exe C:\Users\User\AppData\Roaming\npm\node_modules\firebase-tools\lib\bin\firebase.js init
[debug] [2025-03-27T06:46:17.312Z] CLI Version:   13.35.1
[debug] [2025-03-27T06:46:17.313Z] Platform:      win32
[debug] [2025-03-27T06:46:17.313Z] Node Version:  v22.14.0
[debug] [2025-03-27T06:46:17.313Z] Time:          Thu Mar 27 2025 12:46:17 GMT+0600 (Bangladesh Standard Time)
[debug] [2025-03-27T06:46:17.313Z] ----------------------------------------------------------------------
[debug] 
[debug] [2025-03-27T06:46:17.706Z] > command requires scopes: ["email","openid","https://www.googleapis.com/auth/cloudplatformprojects.readonly","https://www.googleapis.com/auth/firebase","https://www.googleapis.com/auth/cloud-platform"]
[debug] [2025-03-27T06:46:17.707Z] > authorizing via signed-in user (labibhasan754@gmail.com)
[info] 
     ######## #### ########  ######## ########     ###     ######  ########
     ##        ##  ##     ## ##       ##     ##  ##   ##  ##       ##
     ######    ##  ########  ######   ########  #########  ######  ######
     ##        ##  ##    ##  ##       ##     ## ##     ##       ## ##
     ##       #### ##     ## ######## ########  ##     ##  ######  ########

You're about to initialize a Firebase project in this directory:

  D:\My Project\Website\RedFlix

Before we get started, keep in mind:

  * You are initializing within an existing Firebase project directory

[info] 
=== Project Setup
[info] 
[info] First, let's associate this project directory with a Firebase project.
[info] You can create multiple project aliases by running firebase use --add, 
[info] but for now we'll just set up a default project.
[info] 
[debug] [2025-03-27T06:46:41.470Z] Using project from CLI flag: redflix-f0e95
[debug] [2025-03-27T06:46:41.471Z] Checked if tokens are valid: true, expires at: 1743060419306
[debug] [2025-03-27T06:46:41.471Z] Checked if tokens are valid: true, expires at: 1743060419306
[debug] [2025-03-27T06:46:41.472Z] >>> [apiv2][query] GET https://firebase.googleapis.com/v1beta1/projects/redflix-f0e95 [none]
[debug] [2025-03-27T06:46:45.504Z] <<< [apiv2][status] GET https://firebase.googleapis.com/v1beta1/projects/redflix-f0e95 200
[debug] [2025-03-27T06:46:45.504Z] <<< [apiv2][body] GET https://firebase.googleapis.com/v1beta1/projects/redflix-f0e95 {"projectId":"redflix-f0e95","projectNumber":"949672737950","displayName":"RedFlix","name":"projects/redflix-f0e95","resources":{"hostingSite":"redflix-f0e95"},"state":"ACTIVE","etag":"1_62ae7bca-7aef-43f6-87ef-a540af503cb7"}
[info] i  Using project redflix-f0e95 (RedFlix) 
[info] 
=== Firestore Setup
[debug] [2025-03-27T06:46:45.526Z] Checked if tokens are valid: true, expires at: 1743060419306
[debug] [2025-03-27T06:46:45.526Z] Checked if tokens are valid: true, expires at: 1743060419306
[debug] [2025-03-27T06:46:45.527Z] >>> [apiv2][query] GET https://serviceusage.googleapis.com/v1/projects/redflix-f0e95/services/firestore.googleapis.com [none]
[debug] [2025-03-27T06:46:45.527Z] >>> [apiv2][(partial)header] GET https://serviceusage.googleapis.com/v1/projects/redflix-f0e95/services/firestore.googleapis.com x-goog-quota-user=projects/redflix-f0e95
[debug] [2025-03-27T06:46:47.469Z] <<< [apiv2][status] GET https://serviceusage.googleapis.com/v1/projects/redflix-f0e95/services/firestore.googleapis.com 200
[debug] [2025-03-27T06:46:47.469Z] <<< [apiv2][body] GET https://serviceusage.googleapis.com/v1/projects/redflix-f0e95/services/firestore.googleapis.com [omitted]
[debug] [2025-03-27T06:46:47.469Z] Checked if tokens are valid: true, expires at: 1743060419306
[debug] [2025-03-27T06:46:47.469Z] Checked if tokens are valid: true, expires at: 1743060419306
[debug] [2025-03-27T06:46:47.470Z] >>> [apiv2][query] GET https://firestore.googleapis.com/v1/projects/redflix-f0e95/databases/(default) [none]
[debug] [2025-03-27T06:46:48.190Z] <<< [apiv2][status] GET https://firestore.googleapis.com/v1/projects/redflix-f0e95/databases/(default) 200
[debug] [2025-03-27T06:46:48.190Z] <<< [apiv2][body] GET https://firestore.googleapis.com/v1/projects/redflix-f0e95/databases/(default) {"name":"projects/redflix-f0e95/databases/(default)","uid":"fd4c1f04-eec0-4bfe-a3e9-9c6c3f1ad38f","createTime":"2025-03-27T06:36:42.345511Z","updateTime":"2025-03-27T06:36:42.345511Z","locationId":"asia-south2","type":"FIRESTORE_NATIVE","concurrencyMode":"PESSIMISTIC","versionRetentionPeriod":"3600s","earliestVersionTime":"2025-03-27T06:36:42.345511Z","appEngineIntegrationMode":"DISABLED","pointInTimeRecoveryEnablement":"POINT_IN_TIME_RECOVERY_DISABLED","deleteProtectionState":"DELETE_PROTECTION_DISABLED","databaseEdition":"STANDARD","freeTier":true,"etag":"ILWqwYvVqYwDMO7iqJjTqYwD"}
[debug] [2025-03-27T06:46:48.190Z] database_type: FIRESTORE_NATIVE
[debug] [2025-03-27T06:46:48.190Z] database_type: FIRESTORE_NATIVE
[debug] [2025-03-27T06:46:48.190Z] > command requires scopes: ["email","openid","https://www.googleapis.com/auth/cloudplatformprojects.readonly","https://www.googleapis.com/auth/firebase","https://www.googleapis.com/auth/cloud-platform"]
[debug] [2025-03-27T06:46:48.190Z] > authorizing via signed-in user (labibhasan754@gmail.com)
[debug] [2025-03-27T06:46:48.190Z] [iam] checking project redflix-f0e95 for permissions ["firebase.projects.get"]
[debug] [2025-03-27T06:46:48.191Z] Checked if tokens are valid: true, expires at: 1743060419306
[debug] [2025-03-27T06:46:48.191Z] Checked if tokens are valid: true, expires at: 1743060419306
[debug] [2025-03-27T06:46:48.191Z] >>> [apiv2][query] POST https://cloudresourcemanager.googleapis.com/v1/projects/redflix-f0e95:testIamPermissions [none]
[debug] [2025-03-27T06:46:48.191Z] >>> [apiv2][(partial)header] POST https://cloudresourcemanager.googleapis.com/v1/projects/redflix-f0e95:testIamPermissions x-goog-quota-user=projects/redflix-f0e95
[debug] [2025-03-27T06:46:48.191Z] >>> [apiv2][body] POST https://cloudresourcemanager.googleapis.com/v1/projects/redflix-f0e95:testIamPermissions {"permissions":["firebase.projects.get"]}
[debug] [2025-03-27T06:46:52.434Z] <<< [apiv2][status] POST https://cloudresourcemanager.googleapis.com/v1/projects/redflix-f0e95:testIamPermissions 200
[debug] [2025-03-27T06:46:52.434Z] <<< [apiv2][body] POST https://cloudresourcemanager.googleapis.com/v1/projects/redflix-f0e95:testIamPermissions {"permissions":["firebase.projects.get"]}
[info] 
[info] Firestore Security Rules allow you to define how and when to allow
[info] requests. You can keep these rules in your project directory
[info] and publish them with firebase deploy.
[info] 
[info] 
[info] Firestore indexes allow you to perform complex queries while
[info] maintaining performance that scales with the size of the result
[info] set. You can keep index definitions in your project directory
[info] and publish them with firebase deploy.
[info] 
[info] 
=== Hosting Setup
[debug] [2025-03-27T06:47:09.779Z] Checked if tokens are valid: true, expires at: 1743060419306
[debug] [2025-03-27T06:47:09.779Z] Checked if tokens are valid: true, expires at: 1743060419306
[debug] [2025-03-27T06:47:09.779Z] >>> [apiv2][query] GET https://firebase.googleapis.com/v1beta1/projects/redflix-f0e95 [none]
[debug] [2025-03-27T06:47:13.283Z] <<< [apiv2][status] GET https://firebase.googleapis.com/v1beta1/projects/redflix-f0e95 200
[debug] [2025-03-27T06:47:13.283Z] <<< [apiv2][body] GET https://firebase.googleapis.com/v1beta1/projects/redflix-f0e95 {"projectId":"redflix-f0e95","projectNumber":"949672737950","displayName":"RedFlix","name":"projects/redflix-f0e95","resources":{"hostingSite":"redflix-f0e95"},"state":"ACTIVE","etag":"1_62ae7bca-7aef-43f6-87ef-a540af503cb7"}
[info] 
[info] Your public directory is the folder (relative to your project directory) that
[info] will contain Hosting assets to be uploaded with firebase deploy. If you
[info] have a build process for your assets, use your build's output directory.
[info] 
